<?xml version="1.0" encoding="UTF-8"?>
<!-- Generated by org.testng.reporters.JUnitReportReporter -->
<testsuite skipped="0" hostname="skoduru-pro" name="com.newtours.tests.BookFlightTest" tests="20" failures="0" timestamp="03 Oct 2019 06:22:56 GMT" time="32.865" errors="0">
  <testcase name="findFlightPage" time="2.274" classname="com.newtours.tests.BookFlightTest"/>
  <testcase name="flightConfirmationPage" time="1.219" classname="com.newtours.tests.BookFlightTest"/>
  <testcase name="flightDetailsPage" time="1.027" classname="com.newtours.tests.BookFlightTest"/>
  <testcase name="registrationConfirmationPage" time="0.790" classname="com.newtours.tests.BookFlightTest"/>
  <testcase name="flightDetailsPage" time="0.989" classname="com.newtours.tests.BookFlightTest"/>
  <testcase name="flightDetailsPage" time="1.009" classname="com.newtours.tests.BookFlightTest"/>
  <testcase name="registrationPage" time="3.021" classname="com.newtours.tests.BookFlightTest"/>
  <testcase name="flightConfirmationPage" time="1.253" classname="com.newtours.tests.BookFlightTest"/>
  <testcase name="registrationPage" time="2.903" classname="com.newtours.tests.BookFlightTest"/>
  <testcase name="registrationConfirmationPage" time="0.945" classname="com.newtours.tests.BookFlightTest"/>
  <testcase name="findFlightPage" time="2.036" classname="com.newtours.tests.BookFlightTest"/>
  <testcase name="registrationConfirmationPage" time="0.980" classname="com.newtours.tests.BookFlightTest"/>
  <testcase name="registrationPage" time="2.993" classname="com.newtours.tests.BookFlightTest"/>
  <testcase name="flightDetailsPage" time="0.873" classname="com.newtours.tests.BookFlightTest"/>
  <testcase name="findFlightPage" time="2.024" classname="com.newtours.tests.BookFlightTest"/>
  <testcase name="registrationPage" time="3.073" classname="com.newtours.tests.BookFlightTest"/>
  <testcase name="findFlightPage" time="1.997" classname="com.newtours.tests.BookFlightTest"/>
  <testcase name="flightConfirmationPage" time="1.260" classname="com.newtours.tests.BookFlightTest"/>
  <testcase name="registrationConfirmationPage" time="0.915" classname="com.newtours.tests.BookFlightTest"/>
  <testcase name="flightConfirmationPage" time="1.284" classname="com.newtours.tests.BookFlightTest"/>
</testsuite> <!-- com.newtours.tests.BookFlightTest -->
