<?xml version="1.0" encoding="UTF-8"?>
<!-- Generated by org.testng.reporters.JUnitReportReporter -->
<testsuite skipped="0" hostname="skoduru-pro" name="com.newtours.tests.BookFlightTest" tests="20" failures="0" timestamp="02 Oct 2019 13:12:23 GMT" time="41.536" errors="0">
  <testcase name="flightConfirmationPage" time="1.438" classname="com.newtours.tests.BookFlightTest"/>
  <testcase name="flightDetailsPage" time="1.145" classname="com.newtours.tests.BookFlightTest"/>
  <testcase name="registrationPage" time="3.992" classname="com.newtours.tests.BookFlightTest"/>
  <testcase name="flightDetailsPage" time="1.073" classname="com.newtours.tests.BookFlightTest"/>
  <testcase name="flightConfirmationPage" time="1.385" classname="com.newtours.tests.BookFlightTest"/>
  <testcase name="flightConfirmationPage" time="1.322" classname="com.newtours.tests.BookFlightTest"/>
  <testcase name="registrationConfirmationPage" time="1.095" classname="com.newtours.tests.BookFlightTest"/>
  <testcase name="findFlightPage" time="3.407" classname="com.newtours.tests.BookFlightTest"/>
  <testcase name="registrationConfirmationPage" time="1.107" classname="com.newtours.tests.BookFlightTest"/>
  <testcase name="findFlightPage" time="2.536" classname="com.newtours.tests.BookFlightTest"/>
  <testcase name="findFlightPage" time="2.202" classname="com.newtours.tests.BookFlightTest"/>
  <testcase name="flightConfirmationPage" time="1.396" classname="com.newtours.tests.BookFlightTest"/>
  <testcase name="registrationConfirmationPage" time="1.470" classname="com.newtours.tests.BookFlightTest"/>
  <testcase name="registrationPage" time="3.702" classname="com.newtours.tests.BookFlightTest"/>
  <testcase name="registrationPage" time="4.002" classname="com.newtours.tests.BookFlightTest"/>
  <testcase name="registrationConfirmationPage" time="1.403" classname="com.newtours.tests.BookFlightTest"/>
  <testcase name="flightDetailsPage" time="1.037" classname="com.newtours.tests.BookFlightTest"/>
  <testcase name="flightDetailsPage" time="1.087" classname="com.newtours.tests.BookFlightTest"/>
  <testcase name="registrationPage" time="3.454" classname="com.newtours.tests.BookFlightTest"/>
  <testcase name="findFlightPage" time="3.283" classname="com.newtours.tests.BookFlightTest"/>
</testsuite> <!-- com.newtours.tests.BookFlightTest -->
